<?xml version="1.0" encoding="UTF-8"?>
<!-- Generated by org.testng.reporters.JUnitReportReporter -->
<testsuite hostname="DESKTOP-IER6QUF" failures="0" tests="3" name="Test1.Test_D_1" time="0.027" errors="0" timestamp="2022-08-09T09:43:28 IST" skipped="0">
  <testcase classname="Test1.Test_D_1" name="k" time="0.003"/>
  <system-out/>
  <testcase classname="Test1.Test_D_1" name="j" time="0.004"/>
  <system-out/>
  <testcase classname="Test1.Test_D_1" name="P" time="0.020"/>
  <system-out/>
</testsuite> <!-- Test1.Test_D_1 -->
