<?xml version="1.0" encoding="UTF-8"?>
<!-- Generated by org.testng.reporters.JUnitReportReporter -->
<testsuite hostname="DESKTOP-IER6QUF" failures="0" tests="2" name="Test1.Test_D_2" time="0.018" errors="0" timestamp="2022-08-15T18:47:23 IST" skipped="0">
  <testcase classname="Test1.Test_D_2" name="Test1" time="0.009"/>
  <system-out/>
  <testcase classname="Test1.Test_D_2" name="Test2" time="0.009"/>
  <system-out/>
</testsuite> <!-- Test1.Test_D_2 -->
