<?xml version="1.0" encoding="UTF-8"?>
<!-- Generated by org.testng.reporters.JUnitReportReporter -->
<testsuite hostname="DESKTOP-IER6QUF" failures="0" tests="3" name="Test1.Test_D_6_TestNG_Suite" time="0.025" errors="0" timestamp="2022-08-15T18:47:23 IST" skipped="0">
  <testcase classname="Test1.Test_D_6_TestNG_Suite" name="T1" time="0.018"/>
  <system-out/>
  <testcase classname="Test1.Test_D_6_TestNG_Suite" name="T2" time="0.004"/>
  <system-out/>
  <testcase classname="Test1.Test_D_6_TestNG_Suite" name="T3" time="0.003"/>
  <system-out/>
</testsuite> <!-- Test1.Test_D_6_TestNG_Suite -->
