<?xml version="1.0" encoding="UTF-8"?>
<!-- Generated by org.testng.reporters.JUnitReportReporter -->
<testsuite hostname="DESKTOP-IER6QUF" failures="0" tests="5" name="Test2.Test_D_1" time="107.908" errors="0" timestamp="2022-08-15T15:39:53 IST" skipped="0">
  <testcase classname="Test2.Test_D_1" name="Test2" time="27.845"/>
  <system-out/>
  <testcase classname="Test2.Test_D_1" name="Test1" time="17.401"/>
  <system-out/>
  <testcase classname="Test2.Test_D_1" name="Test2" time="20.370"/>
  <system-out/>
  <testcase classname="Test2.Test_D_1" name="Test3" time="29.173"/>
  <system-out/>
  <testcase classname="Test2.Test_D_1" name="Test1" time="13.119"/>
  <system-out/>
</testsuite> <!-- Test2.Test_D_1 -->
