<?xml version="1.0" encoding="UTF-8"?>
<!-- Generated by org.testng.reporters.JUnitReportReporter -->
<testsuite hostname="DESKTOP-IER6QUF" failures="0" tests="1" name="Test2.Test_D_6_Scrolling" time="39.863" errors="0" timestamp="2022-08-17T09:23:18 IST" skipped="0">
  <testcase classname="Test2.Test_D_6_Scrolling" name="Scrool" time="39.863"/>
  <system-out/>
</testsuite> <!-- Test2.Test_D_6_Scrolling -->
