<?xml version="1.0" encoding="UTF-8"?>
<!-- Generated by org.testng.reporters.JUnitReportReporter -->
<testsuite hostname="DESKTOP-IER6QUF" failures="0" tests="1" name="Test2.Test_D_7_Scrool_Method" time="34.643" errors="0" timestamp="2022-08-17T11:13:48 IST" skipped="0">
  <testcase classname="Test2.Test_D_7_Scrool_Method" name="scrool1" time="34.643"/>
  <system-out/>
</testsuite> <!-- Test2.Test_D_7_Scrool_Method -->
