<?xml version="1.0" encoding="UTF-8"?>
<!-- Generated by org.testng.reporters.JUnitReportReporter -->
<testsuite hostname="DESKTOP-IER6QUF" failures="0" tests="1" name="Test2.Test_D_4_Task" time="261.686" errors="0" timestamp="2022-08-16T19:38:15 IST" skipped="0">
  <testcase classname="Test2.Test_D_4_Task" name="Test1" time="261.686"/>
  <system-out/>
</testsuite> <!-- Test2.Test_D_4_Task -->
