<?xml version="1.0" encoding="UTF-8"?>
<!-- Generated by org.testng.reporters.JUnitReportReporter -->
<testsuite hostname="DESKTOP-IER6QUF" failures="0" tests="4" name="Test1.Test_D_7" time="0.029" errors="0" timestamp="2022-08-15T14:34:05 IST" skipped="0">
  <testcase classname="Test1.Test_D_7" name="test_A" time="0.018"/>
  <system-out/>
  <testcase classname="Test1.Test_D_7" name="test_B" time="0.004"/>
  <system-out/>
  <testcase classname="Test1.Test_D_7" name="test_D" time="0.004"/>
  <system-out/>
  <testcase classname="Test1.Test_D_7" name="test_C" time="0.003"/>
  <system-out/>
</testsuite> <!-- Test1.Test_D_7 -->
