<?xml version="1.0" encoding="UTF-8"?>
<!-- Generated by org.testng.reporters.JUnitReportReporter -->
<testsuite hostname="DESKTOP-IER6QUF" failures="0" tests="1" name="Test1.Test_2" time="20.172" errors="0" timestamp="2022-08-09T10:04:08 IST" skipped="0">
  <testcase classname="Test1.Test_2" name="a" time="20.172"/>
  <system-out/>
</testsuite> <!-- Test1.Test_2 -->
